<?xml version="1.0" encoding="UTF-8"?>
<!-- Generated by org.testng.reporters.JUnitReportReporter -->
<testsuite hostname="Dhitty-PC" failures="0" tests="3" name="com.juaracoding.testng.featuretwo.ProcedureExecution" time="0.001" errors="0" timestamp="2022-10-07T20:17:52 WIB" skipped="1">
  <testcase classname="com.juaracoding.testng.featuretwo.ProcedureExecution" name="testOne" time="0.000"/>
  <system-out/>
  <testcase classname="com.juaracoding.testng.featuretwo.ProcedureExecution" name="testThree" time="0.001"/>
  <system-out/>
  <testcase classname="com.juaracoding.testng.featuretwo.ProcedureExecution" name="testTwo">
    <skipped/>
  </testcase> <!-- testTwo -->
  <system-out/>
</testsuite> <!-- com.juaracoding.testng.featuretwo.ProcedureExecution -->
