<?xml version="1.0" encoding="UTF-8"?>
<!-- Generated by org.testng.reporters.JUnitReportReporter -->
<testsuite hostname="Dhitty-PC" failures="0" tests="2" name="com.juaracoding.testng.TestCalculatorTwo" time="0.000" errors="0" timestamp="2022-10-07T20:17:52 WIB" skipped="0">
  <testcase classname="com.juaracoding.testng.TestCalculatorTwo" name="testSubstract" time="0.000"/>
  <system-out/>
  <testcase classname="com.juaracoding.testng.TestCalculatorTwo" name="testAdd" time="0.000"/>
  <system-out/>
</testsuite> <!-- com.juaracoding.testng.TestCalculatorTwo -->
