<?xml version="1.0" encoding="UTF-8"?>
<!-- Generated by org.testng.reporters.JUnitReportReporter -->
<testsuite hostname="Dhitty-PC" failures="0" tests="3" name="com.juaracoding.testng.TestCalculator" time="0.003" errors="0" timestamp="2022-10-07T20:17:52 WIB" skipped="0">
  <testcase classname="com.juaracoding.testng.TestCalculator" name="testSubstract" time="0.000"/>
  <system-out/>
  <testcase classname="com.juaracoding.testng.TestCalculator" name="testAssertTrueDua" time="0.001"/>
  <system-out/>
  <testcase classname="com.juaracoding.testng.TestCalculator" name="testAdd" time="0.002"/>
  <system-out/>
</testsuite> <!-- com.juaracoding.testng.TestCalculator -->
